Arguments: 
  /usr/local/bin/node /Users/YuBenhao/bin/yarn add inquireer

PATH: 
  /Library/Frameworks/Python.framework/Versions/2.7/bin:/Users/YuBenhao/.fe/bin:/Users/YuBenhao/bin:/usr/local/bin:/usr/bin:/bin:/usr/sbin:/sbin:/usr/local/git/bin

Yarn version: 
  0.24.4

Node version: 
  8.11.3

Platform: 
  darwin x64

npm manifest: 
  {
    "name": "my-cli",
    "version": "1.0.0",
    "description": "webpack 脚手架工具",
    "main": "index.js",
    "scripts": {
      "publish_git": "git tag ${npm_package_version} && git push origin master --tags"
    },
    "bin": {
      "my-cli": "./bin/my-cli"
    },
    "author": "Benhao",
    "license": "MIT",
    "repository": {
      "type": "git",
      "url": "git@+https://github.com:YuBenhao/my-cli.git"
    },
    "bugs": {
      "url": "https://github.com/YuBenhao/my-cli/issues"
    },
    "homepage": "https://github.com/YuBenhao/my-cli",
    "dependencies": {
      "chalk": "^2.4.1",
      "commander": "^2.19.0",
      "util": "^0.11.1"
    }
  }

yarn manifest: 
  No manifest

Lockfile: 
  # THIS IS AN AUTOGENERATED FILE. DO NOT EDIT THIS FILE DIRECTLY.
  # yarn lockfile v1
  
  
  ansi-styles@^3.2.1:
    version "3.2.1"
    resolved "https://registry.yarnpkg.com/ansi-styles/-/ansi-styles-3.2.1.tgz#41fbb20243e50b12be0f04b8dedbf07520ce841d"
    dependencies:
      color-convert "^1.9.0"
  
  chalk@^2.4.1:
    version "2.4.1"
    resolved "https://registry.yarnpkg.com/chalk/-/chalk-2.4.1.tgz#18c49ab16a037b6eb0152cc83e3471338215b66e"
    dependencies:
      ansi-styles "^3.2.1"
      escape-string-regexp "^1.0.5"
      supports-color "^5.3.0"
  
  color-convert@^1.9.0:
    version "1.9.3"
    resolved "https://registry.yarnpkg.com/color-convert/-/color-convert-1.9.3.tgz#bb71850690e1f136567de629d2d5471deda4c1e8"
    dependencies:
      color-name "1.1.3"
  
  color-name@1.1.3:
    version "1.1.3"
    resolved "https://registry.yarnpkg.com/color-name/-/color-name-1.1.3.tgz#a7d0558bd89c42f795dd42328f740831ca53bc25"
  
  commander@^2.19.0:
    version "2.19.0"
    resolved "https://registry.yarnpkg.com/commander/-/commander-2.19.0.tgz#f6198aa84e5b83c46054b94ddedbfed5ee9ff12a"
  
  escape-string-regexp@^1.0.5:
    version "1.0.5"
    resolved "https://registry.yarnpkg.com/escape-string-regexp/-/escape-string-regexp-1.0.5.tgz#1b61c0562190a8dff6ae3bb2cf0200ca130b86d4"
  
  has-flag@^3.0.0:
    version "3.0.0"
    resolved "https://registry.yarnpkg.com/has-flag/-/has-flag-3.0.0.tgz#b5d454dc2199ae225699f3467e5a07f3b955bafd"
  
  inherits@2.0.3:
    version "2.0.3"
    resolved "https://registry.yarnpkg.com/inherits/-/inherits-2.0.3.tgz#633c2c83e3da42a502f52466022480f4208261de"
  
  supports-color@^5.3.0:
    version "5.5.0"
    resolved "https://registry.yarnpkg.com/supports-color/-/supports-color-5.5.0.tgz#e2e69a44ac8772f78a1ec0b35b689df6530efc8f"
    dependencies:
      has-flag "^3.0.0"
  
  util@^0.11.1:
    version "0.11.1"
    resolved "https://registry.yarnpkg.com/util/-/util-0.11.1.tgz#3236733720ec64bb27f6e26f421aaa2e1b588d61"
    dependencies:
      inherits "2.0.3"

Trace: 
  Error: https://registry.yarnpkg.com/inquireer: Not found
      at Request.params.callback [as _callback] (/Users/YuBenhao/.redskull/yarn/yarn-0.24.4.js:55460:18)
      at Request.self.callback (/Users/YuBenhao/.redskull/yarn/yarn-0.24.4.js:106330:22)
      at emitTwo (events.js:126:13)
      at Request.emit (events.js:214:7)
      at Request.<anonymous> (/Users/YuBenhao/.redskull/yarn/yarn-0.24.4.js:107313:10)
      at emitOne (events.js:116:13)
      at Request.emit (events.js:211:7)
      at IncomingMessage.<anonymous> (/Users/YuBenhao/.redskull/yarn/yarn-0.24.4.js:107233:12)
      at Object.onceWrapper (events.js:313:30)
      at emitNone (events.js:111:20)
